[2016-02-16 16:42:14] START
[2016-02-16 16:42:14] EDIT uaiapp/models/menu.py: -1
[2016-02-16 16:42:30] EDIT uaiapp/models/menu.py: 0
[2016-02-16 16:44:10] EDIT uaiapp/models/menu.py: -1
[2016-02-16 16:47:01] EDIT uaiapp/views/default/index.html: -12
[2016-02-16 16:49:26] EDIT uaiapp/views/default/index.html: 0
[2016-02-16 16:49:46] EDIT uaiapp/views/default/index.html: 0
[2016-02-16 16:50:26] EDIT uaiapp/views/default/index.html: 0
[2016-02-16 16:58:39] EDIT uaiapp/views/default/index.html: 0
[2016-02-16 16:58:46] EDIT uaiapp/views/default/index.html: 0
[2016-02-16 17:00:12] EDIT uaiapp/views/default/index.html: 0
[2016-02-16 17:01:15] EDIT uaiapp/views/default/index.html: 0
[2016-02-16 17:01:26] EDIT uaiapp/views/default/index.html: 0
[2016-02-16 17:01:45] EDIT uaiapp/views/default/index.html: 0
[2016-02-16 17:02:00] EDIT uaiapp/views/default/index.html: 0
[2016-02-16 17:02:31] EDIT uaiapp/views/default/index.html: 0
[2016-02-16 17:03:08] EDIT uaiapp/views/default/index.html: 0
[2016-02-16 17:03:34] EDIT uaiapp/views/default/index.html: 0
[2016-02-16 17:07:09] EDIT uaiapp/views/default/index.html: 0
[2016-02-16 17:17:28] EDIT uaiapp/views/default/index.html: 2
[2016-02-16 17:18:33] EDIT uaiapp/views/default/index.html: -1
[2016-02-16 17:18:43] EDIT uaiapp/views/default/index.html: 1
[2016-02-16 17:19:05] EDIT uaiapp/views/default/index.html: -2
[2016-02-16 17:22:14] EDIT uaiapp/views/default/index.html: 0
[2016-02-16 17:22:22] EDIT uaiapp/views/default/index.html: 0
[2016-02-16 17:24:29] EDIT uaiapp/views/default/index.html: 2
[2016-02-16 17:25:01] EDIT uaiapp/views/default/index.html: -2
[2016-02-16 18:42:02] EDIT uaiapp/views/default/index.html: 0
[2016-02-16 18:42:37] EDIT uaiapp/views/default/index.html: 0
[2016-02-16 19:14:25] EDIT uaiapp/views/default/index.html: 0
[2016-02-16 19:16:51] EDIT uaiapp/views/default/index.html: 0
[2016-02-16 19:17:37] EDIT uaiapp/views/default/index.html: -259
[2016-02-16 19:19:26] EDIT uaiapp/views/default/index.html: -1
[2016-02-16 19:23:27] EDIT uaiapp/views/default/index.html: 10
[2016-02-16 19:23:42] EDIT uaiapp/views/default/index.html: 0
[2016-02-18 19:37:16] EDIT uaiapp/models/menu.py: 1
[2016-02-18 19:37:34] EDIT uaiapp/models/menu.py: 0
