timestamp: 2016-02-13T22:48:00.276000
CREATE TABLE auth_user(
    id INTEGER PRIMARY KEY AUTOINCREMENT,
    first_name CHAR(128),
    last_name CHAR(128),
    email CHAR(512),
    password CHAR(512),
    registration_key CHAR(512),
    reset_password_key CHAR(512),
    registration_id CHAR(512)
);
success!
timestamp: 2016-02-13T22:48:00.383000
CREATE TABLE auth_group(
    id INTEGER PRIMARY KEY AUTOINCREMENT,
    role CHAR(512),
    description TEXT
);
success!
timestamp: 2016-02-13T22:48:00.440000
CREATE TABLE auth_membership(
    id INTEGER PRIMARY KEY AUTOINCREMENT,
    user_id INTEGER REFERENCES auth_user (id) ON DELETE CASCADE  ,
    group_id INTEGER REFERENCES auth_group (id) ON DELETE CASCADE  
);
success!
timestamp: 2016-02-13T22:48:00.505000
CREATE TABLE auth_permission(
    id INTEGER PRIMARY KEY AUTOINCREMENT,
    group_id INTEGER REFERENCES auth_group (id) ON DELETE CASCADE  ,
    name CHAR(512),
    table_name CHAR(512),
    record_id INTEGER
);
success!
timestamp: 2016-02-13T22:48:00.569000
CREATE TABLE auth_event(
    id INTEGER PRIMARY KEY AUTOINCREMENT,
    time_stamp TIMESTAMP,
    client_ip CHAR(512),
    user_id INTEGER REFERENCES auth_user (id) ON DELETE CASCADE  ,
    origin CHAR(512),
    description TEXT
);
success!
timestamp: 2016-02-13T22:48:00.628000
CREATE TABLE auth_cas(
    id INTEGER PRIMARY KEY AUTOINCREMENT,
    user_id INTEGER REFERENCES auth_user (id) ON DELETE CASCADE  ,
    created_on TIMESTAMP,
    service CHAR(512),
    ticket CHAR(512),
    renew CHAR(1)
);
success!
timestamp: 2016-02-18T01:58:50.894665
CREATE TABLE empleado(
    nombre CHAR(512),
    apellido CHAR(512),
    identificador CHAR(512) NOT NULL,
    cargo CHAR(512),
    tlf CHAR(512),
    PRIMARY KEY(identificador)) ;
success!
timestamp: 2016-02-18T01:58:50.941414
CREATE TABLE inventario(
    id INTEGER PRIMARY KEY AUTOINCREMENT,
    material CHAR(512),
    cantidad DOUBLE
);
success!
timestamp: 2016-02-18T01:58:50.958411
CREATE TABLE edificio(
    id INTEGER PRIMARY KEY AUTOINCREMENT,
    nombre CHAR(512),
    nomenclatura CHAR(512)
);
success!
timestamp: 2016-02-18T01:58:50.971319
CREATE TABLE lugar(
    id INTEGER PRIMARY KEY AUTOINCREMENT,
    edificio INTEGER REFERENCES edificio (id) ON DELETE CASCADE  ,
    espacio CHAR(512),
    referencia CHAR(512),
    extension_tlf INTEGER
);
success!
timestamp: 2016-02-18T01:58:50.985797
CREATE TABLE area(
    id INTEGER PRIMARY KEY AUTOINCREMENT,
    nombre CHAR(512),
    nomenclatura CHAR(512)
);
success!
timestamp: 2016-02-18T01:58:50.998268
CREATE TABLE supervisor(
    area INTEGER REFERENCES area (id) ON DELETE CASCADE  ,
    nombre CHAR(512),
    apellido CHAR(512),
    identificador CHAR(512) NOT NULL,
    PRIMARY KEY(identificador)) ;
success!
timestamp: 2016-02-18T01:58:51.014636
CREATE TABLE unidad(
    id INTEGER PRIMARY KEY AUTOINCREMENT,
    nombre CHAR(512) UNIQUE
);
success!
timestamp: 2016-02-18T01:58:51.029954
CREATE TABLE estatus_solicitud(
    id INTEGER PRIMARY KEY AUTOINCREMENT,
    nombre_estatus CHAR(512) UNIQUE
);
success!
timestamp: 2016-02-18T01:58:51.042047
CREATE TABLE prioridad(
    id INTEGER PRIMARY KEY AUTOINCREMENT,
    nombre_prioridad CHAR(512) UNIQUE
);
success!
timestamp: 2016-02-18T01:58:51.058089
CREATE TABLE espacio(
    id INTEGER PRIMARY KEY AUTOINCREMENT,
    nombre_espacio CHAR(512) UNIQUE
);
success!
